<?xml version="1.0" encoding="UTF-8"?>
<!-- Generated by org.testng.reporters.JUnitXMLReporter -->
<testsuite ignored="0" hostname="LAPTOP-3J0F6NNF" failures="0" tests="4" name="Default test" time="5.172" errors="0" timestamp="2024-04-12T23:39:15 IST">
  <testcase classname="example.TestAPI" name="auth" time="2.358"/>
  <testcase classname="example.TestAPI" name="delete" time="0.852"/>
  <testcase classname="example.TestAPI" name="getmethod" time="1.181"/>
  <testcase classname="example.TestAPI" name="post" time="0.733"/>
</testsuite> <!-- Default test -->
